app/build/intermediates/manifest_merge_blame_file/debug/processDebugMainManifest/manifest-merger-blame-debug-report.txt
1<?xml version="1.0" encoding="utf-8"?>
2<manifest xmlns:android="http://schemas.android.com/apk/res/android"
3    package="com.usil.myappcomponents"
4    android:versionCode="1"
5    android:versionName="1.0" >
6
7    <uses-sdk
8        android:minSdkVersion="24"
9        android:targetSdkVersion="34" />
10    <!-- antes de application vamos a color el permiso de internet -->
11    <uses-permission android:name="android.permission.INTERNET" />
11-->src\main\AndroidManifest.xml:5:5-67
11-->src\main\AndroidManifest.xml:5:22-64
12
13    <!-- Include required permissions for Google Maps API to run. -->
14    <uses-permission android:name="android.permission.ACCESS_NETWORK_STATE" />
14-->[com.google.android.gms:play-services-maps:18.1.0] AndroidManifest.xml:23:5-79
14-->[com.google.android.gms:play-services-maps:18.1.0] AndroidManifest.xml:23:22-76
15
16    <uses-feature
16-->[com.google.android.gms:play-services-maps:18.1.0] AndroidManifest.xml:26:5-28:35
17        android:glEsVersion="0x00020000"
17-->[com.google.android.gms:play-services-maps:18.1.0] AndroidManifest.xml:27:9-41
18        android:required="true" />
18-->[com.google.android.gms:play-services-maps:18.1.0] AndroidManifest.xml:28:9-32
19
20    <queries>
20-->[com.google.android.gms:play-services-maps:18.1.0] AndroidManifest.xml:30:5-34:15
21
22        <!-- Needs to be explicitly declared on Android R+ -->
23        <package android:name="com.google.android.apps.maps" />
23-->[com.google.android.gms:play-services-maps:18.1.0] AndroidManifest.xml:33:9-64
23-->[com.google.android.gms:play-services-maps:18.1.0] AndroidManifest.xml:33:18-61
24    </queries>
25
26    <permission
26-->[androidx.core:core:1.13.1] AndroidManifest.xml:22:5-24:47
27        android:name="com.usil.myappcomponents.DYNAMIC_RECEIVER_NOT_EXPORTED_PERMISSION"
27-->[androidx.core:core:1.13.1] AndroidManifest.xml:23:9-81
28        android:protectionLevel="signature" />
28-->[androidx.core:core:1.13.1] AndroidManifest.xml:24:9-44
29
30    <uses-permission android:name="com.usil.myappcomponents.DYNAMIC_RECEIVER_NOT_EXPORTED_PERMISSION" />
30-->[androidx.core:core:1.13.1] AndroidManifest.xml:26:5-97
30-->[androidx.core:core:1.13.1] AndroidManifest.xml:26:22-94
31
32    <application
32-->src\main\AndroidManifest.xml:7:5-83:19
33        android:name="com.usil.myappcomponents.TodoApplication"
33-->src\main\AndroidManifest.xml:8:9-40
34        android:allowBackup="true"
34-->src\main\AndroidManifest.xml:9:9-35
35        android:appComponentFactory="androidx.core.app.CoreComponentFactory"
35-->[androidx.core:core:1.13.1] AndroidManifest.xml:28:18-86
36        android:dataExtractionRules="@xml/data_extraction_rules"
36-->src\main\AndroidManifest.xml:10:9-65
37        android:debuggable="true"
38        android:extractNativeLibs="false"
39        android:fullBackupContent="@xml/backup_rules"
39-->src\main\AndroidManifest.xml:11:9-54
40        android:icon="@drawable/quizlogo"
40-->src\main\AndroidManifest.xml:12:9-42
41        android:label="@string/app_name"
41-->src\main\AndroidManifest.xml:13:9-41
42        android:roundIcon="@drawable/quizlogo"
42-->src\main\AndroidManifest.xml:14:9-47
43        android:supportsRtl="true"
43-->src\main\AndroidManifest.xml:15:9-35
44        android:testOnly="true"
45        android:theme="@style/Theme.MyAppComponents" >
45-->src\main\AndroidManifest.xml:16:9-53
46        <activity
46-->src\main\AndroidManifest.xml:18:9-22:60
47            android:name="com.usil.myappcomponents.quiz.QuizQuestionActivity"
47-->src\main\AndroidManifest.xml:19:13-54
48            android:exported="false"
48-->src\main\AndroidManifest.xml:20:13-37
49            android:label="@string/title_activity_quiz_question"
49-->src\main\AndroidManifest.xml:21:13-65
50            android:theme="@style/Theme.MyAppComponents" />
50-->src\main\AndroidManifest.xml:22:13-57
51        <activity
51-->src\main\AndroidManifest.xml:23:9-27:60
52            android:name="com.usil.myappcomponents.quiz.QuizMainActivity"
52-->src\main\AndroidManifest.xml:24:13-50
53            android:exported="false"
53-->src\main\AndroidManifest.xml:25:13-37
54            android:label="@string/title_activity_quiz_main"
54-->src\main\AndroidManifest.xml:26:13-61
55            android:theme="@style/Theme.MyAppComponents" />
55-->src\main\AndroidManifest.xml:27:13-57
56        <activity
56-->src\main\AndroidManifest.xml:29:9-32:60
57            android:name="com.usil.myappcomponents.components.ResultadoQuizActivity"
57-->src\main\AndroidManifest.xml:29:19-67
58            android:exported="false"
58-->src\main\AndroidManifest.xml:30:13-37
59            android:label="ResultadoQuizActivity"
59-->src\main\AndroidManifest.xml:31:13-50
60            android:theme="@style/Theme.MyAppComponents" />
60-->src\main\AndroidManifest.xml:32:13-57
61        <!--
62             TODO: Before you run your application, you need a Google Maps API key.
63
64             To get one, follow the directions here:
65
66                https://developers.google.com/maps/documentation/android-sdk/get-api-key
67
68             Once you have your API key (it starts with "AIza"), define a new property in your
69             project's local.properties file (e.g. MAPS_API_KEY=Aiza...), and replace the
70             "YOUR_API_KEY" string in this file with "${MAPS_API_KEY}".
71        -->
72        <meta-data
72-->src\main\AndroidManifest.xml:44:9-46:44
73            android:name="com.google.android.geo.API_KEY"
73-->src\main\AndroidManifest.xml:45:13-58
74            android:value="YOUR_API_KEY" />
74-->src\main\AndroidManifest.xml:46:13-41
75
76        <activity
76-->src\main\AndroidManifest.xml:48:9-51:59
77            android:name="com.usil.myappcomponents.MapsActivity"
77-->src\main\AndroidManifest.xml:49:13-41
78            android:exported="false"
78-->src\main\AndroidManifest.xml:50:13-37
79            android:label="@string/title_activity_maps" />
79-->src\main\AndroidManifest.xml:51:13-56
80        <activity
80-->src\main\AndroidManifest.xml:52:9-56:60
81            android:name="com.usil.myappcomponents.TodoViewActivity"
81-->src\main\AndroidManifest.xml:53:13-45
82            android:exported="false"
82-->src\main\AndroidManifest.xml:54:13-37
83            android:label="@string/title_activity_todo_view"
83-->src\main\AndroidManifest.xml:55:13-61
84            android:theme="@style/Theme.MyAppComponents" />
84-->src\main\AndroidManifest.xml:56:13-57
85        <activity
85-->src\main\AndroidManifest.xml:57:9-61:60
86            android:name="com.usil.myappcomponents.TasksViewActivity"
86-->src\main\AndroidManifest.xml:58:13-46
87            android:exported="false"
87-->src\main\AndroidManifest.xml:59:13-37
88            android:label="@string/title_activity_tasks_view"
88-->src\main\AndroidManifest.xml:60:13-62
89            android:theme="@style/Theme.MyAppComponents" />
89-->src\main\AndroidManifest.xml:61:13-57
90        <activity
90-->src\main\AndroidManifest.xml:62:9-66:60
91            android:name="com.usil.myappcomponents.ImageViewActivity"
91-->src\main\AndroidManifest.xml:63:13-46
92            android:exported="false"
92-->src\main\AndroidManifest.xml:64:13-37
93            android:label="@string/title_activity_image_view"
93-->src\main\AndroidManifest.xml:65:13-62
94            android:theme="@style/Theme.MyAppComponents" />
94-->src\main\AndroidManifest.xml:66:13-57
95        <activity
95-->src\main\AndroidManifest.xml:67:9-71:60
96            android:name="com.usil.myappcomponents.TextViewActivity"
96-->src\main\AndroidManifest.xml:68:13-45
97            android:exported="false"
97-->src\main\AndroidManifest.xml:69:13-37
98            android:label="@string/title_activity_text_view"
98-->src\main\AndroidManifest.xml:70:13-61
99            android:theme="@style/Theme.MyAppComponents" />
99-->src\main\AndroidManifest.xml:71:13-57
100        <activity
100-->src\main\AndroidManifest.xml:72:9-82:20
101            android:name="com.usil.myappcomponents.MainActivity"
101-->src\main\AndroidManifest.xml:73:13-41
102            android:exported="true"
102-->src\main\AndroidManifest.xml:74:13-36
103            android:label="@string/app_name"
103-->src\main\AndroidManifest.xml:75:13-45
104            android:theme="@style/Theme.MyAppComponents" >
104-->src\main\AndroidManifest.xml:76:13-57
105            <intent-filter>
105-->src\main\AndroidManifest.xml:77:13-81:29
106                <action android:name="android.intent.action.MAIN" />
106-->src\main\AndroidManifest.xml:78:17-69
106-->src\main\AndroidManifest.xml:78:25-66
107
108                <category android:name="android.intent.category.LAUNCHER" />
108-->src\main\AndroidManifest.xml:80:17-77
108-->src\main\AndroidManifest.xml:80:27-74
109            </intent-filter>
110        </activity>
111        <!-- Needs to be explicitly declared on P+ -->
112        <uses-library
112-->[com.google.android.gms:play-services-maps:18.1.0] AndroidManifest.xml:39:9-41:40
113            android:name="org.apache.http.legacy"
113-->[com.google.android.gms:play-services-maps:18.1.0] AndroidManifest.xml:40:13-50
114            android:required="false" />
114-->[com.google.android.gms:play-services-maps:18.1.0] AndroidManifest.xml:41:13-37
115
116        <activity
116-->[com.google.android.gms:play-services-base:18.0.1] AndroidManifest.xml:20:9-22:45
117            android:name="com.google.android.gms.common.api.GoogleApiActivity"
117-->[com.google.android.gms:play-services-base:18.0.1] AndroidManifest.xml:20:19-85
118            android:exported="false"
118-->[com.google.android.gms:play-services-base:18.0.1] AndroidManifest.xml:22:19-43
119            android:theme="@android:style/Theme.Translucent.NoTitleBar" />
119-->[com.google.android.gms:play-services-base:18.0.1] AndroidManifest.xml:21:19-78
120
121        <meta-data
121-->[com.google.android.gms:play-services-basement:18.0.0] AndroidManifest.xml:21:9-23:69
122            android:name="com.google.android.gms.version"
122-->[com.google.android.gms:play-services-basement:18.0.0] AndroidManifest.xml:22:13-58
123            android:value="@integer/google_play_services_version" />
123-->[com.google.android.gms:play-services-basement:18.0.0] AndroidManifest.xml:23:13-66
124
125        <activity
125-->[androidx.compose.ui:ui-tooling-android:1.7.8] AndroidManifest.xml:23:9-25:39
126            android:name="androidx.compose.ui.tooling.PreviewActivity"
126-->[androidx.compose.ui:ui-tooling-android:1.7.8] AndroidManifest.xml:24:13-71
127            android:exported="true" />
127-->[androidx.compose.ui:ui-tooling-android:1.7.8] AndroidManifest.xml:25:13-36
128
129        <provider
129-->[androidx.emoji2:emoji2:1.3.0] AndroidManifest.xml:24:9-32:20
130            android:name="androidx.startup.InitializationProvider"
130-->[androidx.emoji2:emoji2:1.3.0] AndroidManifest.xml:25:13-67
131            android:authorities="com.usil.myappcomponents.androidx-startup"
131-->[androidx.emoji2:emoji2:1.3.0] AndroidManifest.xml:26:13-68
132            android:exported="false" >
132-->[androidx.emoji2:emoji2:1.3.0] AndroidManifest.xml:27:13-37
133            <meta-data
133-->[androidx.emoji2:emoji2:1.3.0] AndroidManifest.xml:29:13-31:52
134                android:name="androidx.emoji2.text.EmojiCompatInitializer"
134-->[androidx.emoji2:emoji2:1.3.0] AndroidManifest.xml:30:17-75
135                android:value="androidx.startup" />
135-->[androidx.emoji2:emoji2:1.3.0] AndroidManifest.xml:31:17-49
136            <meta-data
136-->[androidx.lifecycle:lifecycle-process:2.9.1] AndroidManifest.xml:29:13-31:52
137                android:name="androidx.lifecycle.ProcessLifecycleInitializer"
137-->[androidx.lifecycle:lifecycle-process:2.9.1] AndroidManifest.xml:30:17-78
138                android:value="androidx.startup" />
138-->[androidx.lifecycle:lifecycle-process:2.9.1] AndroidManifest.xml:31:17-49
139            <meta-data
139-->[androidx.profileinstaller:profileinstaller:1.4.0] AndroidManifest.xml:29:13-31:52
140                android:name="androidx.profileinstaller.ProfileInstallerInitializer"
140-->[androidx.profileinstaller:profileinstaller:1.4.0] AndroidManifest.xml:30:17-85
141                android:value="androidx.startup" />
141-->[androidx.profileinstaller:profileinstaller:1.4.0] AndroidManifest.xml:31:17-49
142        </provider>
143
144        <activity
144-->[androidx.compose.ui:ui-test-manifest:1.7.8] AndroidManifest.xml:23:9-25:39
145            android:name="androidx.activity.ComponentActivity"
145-->[androidx.compose.ui:ui-test-manifest:1.7.8] AndroidManifest.xml:24:13-63
146            android:exported="true" />
146-->[androidx.compose.ui:ui-test-manifest:1.7.8] AndroidManifest.xml:25:13-36
147
148        <receiver
148-->[androidx.profileinstaller:profileinstaller:1.4.0] AndroidManifest.xml:34:9-52:20
149            android:name="androidx.profileinstaller.ProfileInstallReceiver"
149-->[androidx.profileinstaller:profileinstaller:1.4.0] AndroidManifest.xml:35:13-76
150            android:directBootAware="false"
150-->[androidx.profileinstaller:profileinstaller:1.4.0] AndroidManifest.xml:36:13-44
151            android:enabled="true"
151-->[androidx.profileinstaller:profileinstaller:1.4.0] AndroidManifest.xml:37:13-35
152            android:exported="true"
152-->[androidx.profileinstaller:profileinstaller:1.4.0] AndroidManifest.xml:38:13-36
153            android:permission="android.permission.DUMP" >
153-->[androidx.profileinstaller:profileinstaller:1.4.0] AndroidManifest.xml:39:13-57
154            <intent-filter>
154-->[androidx.profileinstaller:profileinstaller:1.4.0] AndroidManifest.xml:40:13-42:29
155                <action android:name="androidx.profileinstaller.action.INSTALL_PROFILE" />
155-->[androidx.profileinstaller:profileinstaller:1.4.0] AndroidManifest.xml:41:17-91
155-->[androidx.profileinstaller:profileinstaller:1.4.0] AndroidManifest.xml:41:25-88
156            </intent-filter>
157            <intent-filter>
157-->[androidx.profileinstaller:profileinstaller:1.4.0] AndroidManifest.xml:43:13-45:29
158                <action android:name="androidx.profileinstaller.action.SKIP_FILE" />
158-->[androidx.profileinstaller:profileinstaller:1.4.0] AndroidManifest.xml:44:17-85
158-->[androidx.profileinstaller:profileinstaller:1.4.0] AndroidManifest.xml:44:25-82
159            </intent-filter>
160            <intent-filter>
160-->[androidx.profileinstaller:profileinstaller:1.4.0] AndroidManifest.xml:46:13-48:29
161                <action android:name="androidx.profileinstaller.action.SAVE_PROFILE" />
161-->[androidx.profileinstaller:profileinstaller:1.4.0] AndroidManifest.xml:47:17-88
161-->[androidx.profileinstaller:profileinstaller:1.4.0] AndroidManifest.xml:47:25-85
162            </intent-filter>
163            <intent-filter>
163-->[androidx.profileinstaller:profileinstaller:1.4.0] AndroidManifest.xml:49:13-51:29
164                <action android:name="androidx.profileinstaller.action.BENCHMARK_OPERATION" />
164-->[androidx.profileinstaller:profileinstaller:1.4.0] AndroidManifest.xml:50:17-95
164-->[androidx.profileinstaller:profileinstaller:1.4.0] AndroidManifest.xml:50:25-92
165            </intent-filter>
166        </receiver>
167    </application>
168
169</manifest>